Arguments: 
  /usr/bin/node /usr/bin/yarn development

PATH: 
  /home/mfadhili/.cache/cloud-code/installer/google-cloud-sdk/bin:/opt/gradle/gradle-7.3.3/bin:/usr/local/sbin:/usr/local/bin:/usr/sbin:/usr/bin:/sbin:/bin:/usr/games:/usr/local/games:/snap/bin:/home/mfadhili/Software/nodejs/node-v16.15.0-linux-x64/bin:/lib/node_modules/typescript/bin/::/home/mfadhili/.local/bin:/home/mfadhili/bin:/home/mfadhili/Software/go/golib/bin:/usr/local/go/bin:/home/mfadhili/Software/go/golib/bin:/usr/local/go/bin

Yarn version: 
  1.22.19

Node version: 
  16.15.1

Platform: 
  linux x64

Trace: 
  SyntaxError: /home/mfadhili/Software/nodejs/mern-simplesetup/package.json: Unexpected string in JSON at position 698
      at JSON.parse (<anonymous>)
      at /usr/lib/node_modules/yarn/lib/cli.js:1629:59
      at Generator.next (<anonymous>)
      at step (/usr/lib/node_modules/yarn/lib/cli.js:310:30)
      at /usr/lib/node_modules/yarn/lib/cli.js:321:13

npm manifest: 
  {
    "name": "mern-simplesetup",
    "version": "1.0.0",
    "description": "Learning MERN",
    "main": "index.js",
    "license": "MIT",
    "dependencies": {
      "@hot-loader/react-dom": "^17.0.2",
      "express": "^4.18.1",
      "mongodb": "^4.7.0",
      "react": "^17.0.2",
      "react-dom": "^17.0.2",
      "react-hot-loader": "^4.13.0"
    },
    "devDependencies": {
      "@babel/core": "^7.18.5",
      "@babel/preset-env": "^7.18.2",
      "@babel/preset-react": "^7.17.12",
      "babel-loader": "^8.2.5",
      "nodemon": "^2.0.16",
      "webpack": "^5.73.0",
      "webpack-cli": "^4.10.0",
      "webpack-dev-middleware": "^5.3.3",
      "webpack-hot-middleware": "^2.25.1",
      "webpack-node-externals": "^3.0.0"
    }
    "scripts": {
      "development": "nodemon",
      "build": "webpack --config webpack.config.client.production.js && webpack --mode-production --config webpack.config.server.js",
      "start":"NODE_ENV=production node ./dist/server.generated.js"
    }
  }

yarn manifest: 
  No manifest

Lockfile: 
  No lockfile
